<?xml version="1.0" encoding="utf-8"?><testsuites name="pytest tests"><testsuite name="pytest" errors="0" failures="0" skipped="0" tests="13" time="1.560" timestamp="2026-07-31T10:05:52.235135+00:00" hostname="agent-env-7ab5d24a-ef36-4706-a6a8-5f8c4f3d5f89"><testcase classname="tests.test_tradelens_api" name="test_health" time="0.183" /><testcase classname="tests.test_tradelens_api" name="test_watchlist_list_enriched" time="0.047" /><testcase classname="tests.test_tradelens_api" name="test_watchlist_add_and_duplicate" time="0.182" /><testcase classname="tests.test_tradelens_api" name="test_watchlist_delete" time="0.133" /><testcase classname="tests.test_tradelens_api" name="test_trades_crud" time="0.188" /><testcase classname="tests.test_tradelens_api" name="test_trade_short_side" time="0.097" /><testcase classname="tests.test_tradelens_api" name="test_settings_get_and_put" time="0.132" /><testcase classname="tests.test_tradelens_api" name="test_market_summary" time="0.042" /><testcase classname="tests.test_tradelens_api" name="test_opportunities" time="0.043" /><testcase classname="tests.test_tradelens_api" name="test_stock_detail_curated" time="0.048" /><testcase classname="tests.test_tradelens_api" name="test_stock_detail_synth" time="0.043" /><testcase classname="tests.test_tradelens_api" name="test_stock_detail_404" time="0.044" /><testcase classname="tests.test_tradelens_api" name="test_stocks_search" time="0.042" /></testsuite></testsuites>