<?xml version="1.0" encoding="utf-8"?><testsuites name="pytest tests"><testsuite name="pytest" errors="0" failures="0" skipped="0" tests="19" time="1.758" timestamp="2026-07-31T10:26:26.838848+00:00" hostname="agent-env-7ab5d24a-ef36-4706-a6a8-5f8c4f3d5f89"><testcase classname="tests.test_tradelens_api" name="test_health" time="0.153" /><testcase classname="tests.test_tradelens_api" name="test_watchlist_list_enriched" time="0.047" /><testcase classname="tests.test_tradelens_api" name="test_watchlist_add_and_duplicate" time="0.182" /><testcase classname="tests.test_tradelens_api" name="test_watchlist_delete" time="0.154" /><testcase classname="tests.test_tradelens_api" name="test_trades_crud" time="0.184" /><testcase classname="tests.test_tradelens_api" name="test_trade_short_side" time="0.094" /><testcase classname="tests.test_tradelens_api" name="test_settings_get_and_put" time="0.133" /><testcase classname="tests.test_tradelens_api" name="test_market_summary" time="0.044" /><testcase classname="tests.test_tradelens_api" name="test_opportunities" time="0.042" /><testcase classname="tests.test_tradelens_api" name="test_stock_detail_curated" time="0.042" /><testcase classname="tests.test_tradelens_api" name="test_stock_detail_synth" time="0.043" /><testcase classname="tests.test_tradelens_api" name="test_stock_detail_404" time="0.042" /><testcase classname="tests.test_tradelens_api" name="test_stocks_search" time="0.045" /><testcase classname="tests.test_tradelens_api" name="test_analysis_service_unit" time="0.002" /><testcase classname="tests.test_tradelens_api" name="test_analysis_no_llm_imports" time="0.001" /><testcase classname="tests.test_tradelens_api" name="test_rankings_shape_and_order" time="0.051" /><testcase classname="tests.test_tradelens_api" name="test_stock_detail_has_analysis_fields[RELIANCE]" time="0.042" /><testcase classname="tests.test_tradelens_api" name="test_stock_detail_has_analysis_fields[TCS]" time="0.046" /><testcase classname="tests.test_tradelens_api" name="test_watchlist_has_analysis_fields" time="0.045" /></testsuite></testsuites>